define                -1
int                   -1
n                      0
;                     -1
define                -1
int                   -1
sum                    1
;                     -1
difference             2
=                     -1
0                      3
;                     -1
read                  -1
(                     -1
n                      0
,                     -1
stdin                 -1
)                     -1
;                     -1
define                -1
arrr                  -1
of                    -1
n                      0
v                      4
;                     -1
for                   -1
index                  5
starts                -1
from                  -1
0                      3
transforms            -1
into                  -1
index                  5
=                     -1
index                  5
+                     -1
1                      6
stops                 -1
at                    -1
index                  5
<                     -1
n                      0
{                     -1
read                  -1
(                     -1
v                      4
[                     -1
index                  5
]                     -1
,                     -1
stdin                 -1
)                     -1
;                     -1
}                     -1
for                   -1
index                  5
starts                -1
from                  -1
0                      3
transforms            -1
into                  -1
index                  5
=                     -1
index                  5
+                     -1
1                      6
stops                 -1
at                    -1
index                  5
<                     -1
n                      0
{                     -1
difference             2
-=                    -1
v                      4
[                     -1
index                  5
]                     -1
;                     -1
}                     -1
show                  -1
(                     -1
difference             2
,                     -1
stdout                -1
)                     -1
;                     -1
